<?xml version="1.0" encoding="UTF-8"?>
<!-- Generated by org.testng.reporters.JUnitXMLReporter -->
<testsuite hostname="DESKTOP-KHVE45V" ignored="0" name="Default test" tests="9" failures="0" timestamp="26 Nov 2018 15:27:58 GMT" time="45.5" errors="0">
  <testcase name="homePageTitleTest" time="0.028" classname="com.gazt.testcases.HomePageTest"/>
  <testcase name="wordPressLogoTest" time="0.174" classname="com.gazt.testcases.HomePageTest"/>
  <testcase name="productLinkTest" time="0.15" classname="com.gazt.testcases.HomePageTest"/>
  <testcase name="featureLinkTest" time="0.386" classname="com.gazt.testcases.HomePageTest"/>
  <testcase name="resourcesLinkTest" time="0.892" classname="com.gazt.testcases.HomePageTest"/>
  <testcase name="plansAndPricingTest" time="1.005" classname="com.gazt.testcases.HomePageTest"/>
  <testcase name="loginLinkClick" time="11.768" classname="com.gazt.testcases.HomePageTest"/>
  <testcase name="getStartedLinkClick" time="5.967" classname="com.gazt.testcases.HomePageTest"/>
  <testcase name="startYourWebsiteButtonClick" time="2.61" classname="com.gazt.testcases.HomePageTest"/>
</testsuite> <!-- Default test -->
