<?xml version="1.0" encoding="UTF-8"?>
<testsuite xmlns:xsi="http://www.w3.org/2001/XMLSchema-instance" xsi:noNamespaceSchemaLocation="https://maven.apache.org/surefire/maven-surefire-plugin/xsd/surefire-test-report.xsd" name="TestSuite" time="133.351" tests="29" errors="0" skipped="7" failures="2">
  <properties>
[...]
</properties>
  <testcase name="homePageTitleTest" classname="com.gazt.testcases.HomePageTest" time="0.023"/>
  <testcase name="wordPressLogoTest" classname="com.gazt.testcases.HomePageTest" time="0.163"/>
  <testcase name="productLinkTest" classname="com.gazt.testcases.HomePageTest" time="0.097"/>
  <testcase name="featureLinkTest" classname="com.gazt.testcases.HomePageTest" time="0.475"/>
  <testcase name="resourcesLinkTest" classname="com.gazt.testcases.HomePageTest" time="0.241"/>
  <testcase name="plansAndPricingTest" classname="com.gazt.testcases.HomePageTest" time="0.117"/>
  <testcase name="loginLinkClick" classname="com.gazt.testcases.HomePageTest" time="0">
    <skipped message="Timeout loading page after 40000ms&#10;Build info: version: &apos;3.14.0&apos;, revision: &apos;aacccce0&apos;, time: &apos;2018-08-02T20:19:58.91Z&apos;&#10;System info: host: &apos;DESKTOP-KHVE45V&apos;, ip: &apos;192.168.56.1&apos;, os.name: &apos;Windows 10&apos;, os.arch: &apos;amd64&apos;, os.version: &apos;10.0&apos;, java.version: &apos;1.8.0_121&apos;&#10;Driver info: org.openqa.selenium.firefox.FirefoxDriver&#10;Capabilities {acceptInsecureCerts: true, browserName: firefox, browserVersion: 63.0.3, javascriptEnabled: true, moz:accessibilityChecks: false, moz:geckodriverVersion: 0.23.0, moz:headless: false, moz:processID: 29320, moz:profile: C:\Windows\Temp\rust_mozpro..., moz:useNonSpecCompliantPointerOrigin: false, moz:webdriverClick: true, pageLoadStrategy: normal, platform: WINDOWS, platformName: WINDOWS, platformVersion: 10.0, rotatable: false, setWindowRect: true, timeouts: {implicit: 0, pageLoad: 300000, script: 30000}, unhandledPromptBehavior: dismiss and notify}&#10;Session ID: baca3d13-e523-4ea8-a24f-28d96a541d56"/>
    <system-out><![CDATA[loginLinkClick STARTED!
11-30-2018 10:59:47 HomePageTest.java INFO  [main] testcases.HomePageTest 86 - Verifying if Login Page is displayed by clicking Log In link from Home Page
11-30-2018 10:59:53 TestBase.java INFO  [main] testbase.TestBase 35 - loading config.properties file
loginLinkClick...SKIPPED!
]]></system-out>
    <system-err><![CDATA[JavaScript warning: https://www.googletagmanager.com/gtag/js?id=DC-8907854, line 87: unreachable code after return statement
JavaScript warning: https://www.googletagmanager.com/gtag/js?id=DC-8907854, line 147: unreachable code after return statement
JavaScript warning: https://www.googletagmanager.com/gtag/js?id=DC-8907854, line 147: unreachable code after return statement
JavaScript warning: https://www.googletagmanager.com/gtag/js?id=DC-8907854, line 147: unreachable code after return statement
JavaScript warning: https://www.googletagmanager.com/gtag/js?id=DC-8907854, line 87: unreachable code after return statement
console.error: BroadcastService: 
  receivedBroadcastMessage: handler for
  remote-settings/monitor_changes
  threw error:
  Message: Error: Polling for changes failed: NetworkError when attempting to fetch resource..
  Stack:
    remoteSettingsFunction/remoteSettings.pollChanges@resource://services-settings/remote-settings.js:721:13

JavaScript warning: https://www.googletagmanager.com/gtag/js?id=DC-8907854, line 87: unreachable code after return statement
JavaScript warning: https://www.googletagmanager.com/gtag/js?id=DC-8907854, line 147: unreachable code after return statement
JavaScript warning: https://www.googletagmanager.com/gtag/js?id=DC-8907854, line 147: unreachable code after return statement
JavaScript warning: https://www.googletagmanager.com/gtag/js?id=DC-8907854, line 147: unreachable code after return statement
JavaScript warning: https://www.googletagmanager.com/gtag/js?id=DC-8907854, line 87: unreachable code after return statement
Nov 30, 2018 11:00:33 AM org.openqa.selenium.remote.ErrorCodes toStatus
INFO: HTTP Status: '500' -> incorrect JSON status mapping for 'timeout' (408 expected)
]]></system-err>
  </testcase>
  <testcase name="loginLinkClick" classname="com.gazt.testcases.HomePageTest" time="9.112"/>
  <testcase name="getStartedLinkClick" classname="com.gazt.testcases.HomePageTest" time="6.452"/>
  <testcase name="startYourWebsiteButtonClick" classname="com.gazt.testcases.HomePageTest" time="3.393"/>
  <testcase name="loginPageTitleTest" classname="com.gazt.testcases.LoginPageTest" time="0">
    <skipped message="The following asserts failed:&#10;	expected [Log In - WordPress.com] but found [WordPress.com]"/>
    <system-out><![CDATA[11-30-2018 11:00:52 HomePageTest.java INFO  [main] testcases.HomePageTest 109 - Closing driver object
Extent Reports Version 3  Test Suite is ending!
11-30-2018 11:00:57 _Log4jLoggerFactory.java DEBUG [main] freemarker.cache 45 - Couldn't find template in cache for "v3html/v3-html-index.ftl"("en", UTF-8, parsed); will try to load it.
11-30-2018 11:00:57 _Log4jLoggerFactory.java DEBUG [main] freemarker.cache 45 - TemplateLoader.findTemplateSource("v3html/v3-html-index_en.ftl"): Not found
11-30-2018 11:00:57 _Log4jLoggerFactory.java DEBUG [main] freemarker.cache 45 - TemplateLoader.findTemplateSource("v3html/v3-html-index.ftl"): Found
11-30-2018 11:00:57 _Log4jLoggerFactory.java DEBUG [main] freemarker.cache 45 - Loading template for "v3html/v3-html-index.ftl"("en", UTF-8, parsed) from "jar:file:/C:/WINDOWS/system32/config/systemprofile/.m2/repository/com/aventstack/extentreports/4.0.5/extentreports-4.0.5.jar!/com/aventstack/extentreports/view/v3html/v3-html-index.ftl"
11-30-2018 11:00:58 _Log4jLoggerFactory.java DEBUG [main] freemarker.cache 45 - Couldn't find template in cache for "v3html/v3-html-head.ftl"("en", UTF-8, parsed); will try to load it.
11-30-2018 11:00:58 _Log4jLoggerFactory.java DEBUG [main] freemarker.cache 45 - TemplateLoader.findTemplateSource("v3html/v3-html-head_en.ftl"): Not found
11-30-2018 11:00:58 _Log4jLoggerFactory.java DEBUG [main] freemarker.cache 45 - TemplateLoader.findTemplateSource("v3html/v3-html-head.ftl"): Found
11-30-2018 11:00:58 _Log4jLoggerFactory.java DEBUG [main] freemarker.cache 45 - Loading template for "v3html/v3-html-head.ftl"("en", UTF-8, parsed) from "jar:file:/C:/WINDOWS/system32/config/systemprofile/.m2/repository/com/aventstack/extentreports/4.0.5/extentreports-4.0.5.jar!/com/aventstack/extentreports/view/v3html/v3-html-head.ftl"
11-30-2018 11:00:58 _Log4jLoggerFactory.java DEBUG [main] freemarker.cache 45 - Couldn't find template in cache for "v3html/v3-html-nav.ftl"("en", UTF-8, parsed); will try to load it.
11-30-2018 11:00:58 _Log4jLoggerFactory.java DEBUG [main] freemarker.cache 45 - TemplateLoader.findTemplateSource("v3html/v3-html-nav_en.ftl"): Not found
11-30-2018 11:00:58 _Log4jLoggerFactory.java DEBUG [main] freemarker.cache 45 - TemplateLoader.findTemplateSource("v3html/v3-html-nav.ftl"): Found
11-30-2018 11:00:58 _Log4jLoggerFactory.java DEBUG [main] freemarker.cache 45 - Loading template for "v3html/v3-html-nav.ftl"("en", UTF-8, parsed) from "jar:file:/C:/WINDOWS/system32/config/systemprofile/.m2/repository/com/aventstack/extentreports/4.0.5/extentreports-4.0.5.jar!/com/aventstack/extentreports/view/v3html/v3-html-nav.ftl"
11-30-2018 11:00:58 _Log4jLoggerFactory.java DEBUG [main] freemarker.cache 45 - Couldn't find template in cache for "v3html/test-view/v3-html-test-view.ftl"("en", UTF-8, parsed); will try to load it.
11-30-2018 11:00:58 _Log4jLoggerFactory.java DEBUG [main] freemarker.cache 45 - TemplateLoader.findTemplateSource("v3html/test-view/v3-html-test-view_en.ftl"): Not found
11-30-2018 11:00:58 _Log4jLoggerFactory.java DEBUG [main] freemarker.cache 45 - TemplateLoader.findTemplateSource("v3html/test-view/v3-html-test-view.ftl"): Found
11-30-2018 11:00:58 _Log4jLoggerFactory.java DEBUG [main] freemarker.cache 45 - Loading template for "v3html/test-view/v3-html-test-view.ftl"("en", UTF-8, parsed) from "jar:file:/C:/WINDOWS/system32/config/systemprofile/.m2/repository/com/aventstack/extentreports/4.0.5/extentreports-4.0.5.jar!/com/aventstack/extentreports/view/v3html/test-view/v3-html-test-view.ftl"
11-30-2018 11:00:58 _Log4jLoggerFactory.java DEBUG [main] freemarker.cache 45 - Couldn't find template in cache for "v3html/test-view/v3-html-test-view-charts.ftl"("en", UTF-8, parsed); will try to load it.
11-30-2018 11:00:58 _Log4jLoggerFactory.java DEBUG [main] freemarker.cache 45 - TemplateLoader.findTemplateSource("v3html/test-view/v3-html-test-view-charts_en.ftl"): Not found
11-30-2018 11:00:58 _Log4jLoggerFactory.java DEBUG [main] freemarker.cache 45 - TemplateLoader.findTemplateSource("v3html/test-view/v3-html-test-view-charts.ftl"): Found
11-30-2018 11:00:58 _Log4jLoggerFactory.java DEBUG [main] freemarker.cache 45 - Loading template for "v3html/test-view/v3-html-test-view-charts.ftl"("en", UTF-8, parsed) from "jar:file:/C:/WINDOWS/system32/config/systemprofile/.m2/repository/com/aventstack/extentreports/4.0.5/extentreports-4.0.5.jar!/com/aventstack/extentreports/view/v3html/test-view/v3-html-test-view-charts.ftl"
11-30-2018 11:00:58 _Log4jLoggerFactory.java DEBUG [main] freemarker.cache 45 - Couldn't find template in cache for "v3html/test-view/v3-html-standard.ftl"("en", UTF-8, parsed); will try to load it.
11-30-2018 11:00:58 _Log4jLoggerFactory.java DEBUG [main] freemarker.cache 45 - TemplateLoader.findTemplateSource("v3html/test-view/v3-html-standard_en.ftl"): Not found
11-30-2018 11:00:58 _Log4jLoggerFactory.java DEBUG [main] freemarker.cache 45 - TemplateLoader.findTemplateSource("v3html/test-view/v3-html-standard.ftl"): Found
11-30-2018 11:00:58 _Log4jLoggerFactory.java DEBUG [main] freemarker.cache 45 - Loading template for "v3html/test-view/v3-html-standard.ftl"("en", UTF-8, parsed) from "jar:file:/C:/WINDOWS/system32/config/systemprofile/.m2/repository/com/aventstack/extentreports/4.0.5/extentreports-4.0.5.jar!/com/aventstack/extentreports/view/v3html/test-view/v3-html-standard.ftl"
11-30-2018 11:00:58 _Log4jLoggerFactory.java DEBUG [main] freemarker.cache 45 - "v3html/test-view/v3-html-standard.ftl"("en", UTF-8, parsed) cached copy not yet stale; using cached.
11-30-2018 11:00:58 _Log4jLoggerFactory.java DEBUG [main] freemarker.cache 45 - "v3html/test-view/v3-html-standard.ftl"("en", UTF-8, parsed) cached copy not yet stale; using cached.
11-30-2018 11:00:58 _Log4jLoggerFactory.java DEBUG [main] freemarker.cache 45 - "v3html/test-view/v3-html-standard.ftl"("en", UTF-8, parsed) cached copy not yet stale; using cached.
11-30-2018 11:00:58 _Log4jLoggerFactory.java DEBUG [main] freemarker.cache 45 - "v3html/test-view/v3-html-standard.ftl"("en", UTF-8, parsed) cached copy not yet stale; using cached.
11-30-2018 11:00:58 _Log4jLoggerFactory.java DEBUG [main] freemarker.cache 45 - "v3html/test-view/v3-html-standard.ftl"("en", UTF-8, parsed) cached copy not yet stale; using cached.
11-30-2018 11:00:58 _Log4jLoggerFactory.java DEBUG [main] freemarker.cache 45 - "v3html/test-view/v3-html-standard.ftl"("en", UTF-8, parsed) cached copy not yet stale; using cached.
11-30-2018 11:00:58 _Log4jLoggerFactory.java DEBUG [main] freemarker.cache 45 - "v3html/test-view/v3-html-standard.ftl"("en", UTF-8, parsed) cached copy not yet stale; using cached.
11-30-2018 11:00:58 _Log4jLoggerFactory.java DEBUG [main] freemarker.cache 45 - "v3html/test-view/v3-html-standard.ftl"("en", UTF-8, parsed) cached copy not yet stale; using cached.
11-30-2018 11:00:58 _Log4jLoggerFactory.java DEBUG [main] freemarker.cache 45 - "v3html/test-view/v3-html-standard.ftl"("en", UTF-8, parsed) cached copy not yet stale; using cached.
11-30-2018 11:00:58 _Log4jLoggerFactory.java DEBUG [main] freemarker.cache 45 - Couldn't find template in cache for "v3html/category-view/v3-html-category-view.ftl"("en", UTF-8, parsed); will try to load it.
11-30-2018 11:00:58 _Log4jLoggerFactory.java DEBUG [main] freemarker.cache 45 - TemplateLoader.findTemplateSource("v3html/category-view/v3-html-category-view_en.ftl"): Not found
11-30-2018 11:00:58 _Log4jLoggerFactory.java DEBUG [main] freemarker.cache 45 - TemplateLoader.findTemplateSource("v3html/category-view/v3-html-category-view.ftl"): Found
11-30-2018 11:00:58 _Log4jLoggerFactory.java DEBUG [main] freemarker.cache 45 - Loading template for "v3html/category-view/v3-html-category-view.ftl"("en", UTF-8, parsed) from "jar:file:/C:/WINDOWS/system32/config/systemprofile/.m2/repository/com/aventstack/extentreports/4.0.5/extentreports-4.0.5.jar!/com/aventstack/extentreports/view/v3html/category-view/v3-html-category-view.ftl"
11-30-2018 11:00:58 _Log4jLoggerFactory.java DEBUG [main] freemarker.cache 45 - Couldn't find template in cache for "v3html/exception-view/v3-html-exception-view.ftl"("en", UTF-8, parsed); will try to load it.
11-30-2018 11:00:58 _Log4jLoggerFactory.java DEBUG [main] freemarker.cache 45 - TemplateLoader.findTemplateSource("v3html/exception-view/v3-html-exception-view_en.ftl"): Not found
11-30-2018 11:00:58 _Log4jLoggerFactory.java DEBUG [main] freemarker.cache 45 - TemplateLoader.findTemplateSource("v3html/exception-view/v3-html-exception-view.ftl"): Found
11-30-2018 11:00:58 _Log4jLoggerFactory.java DEBUG [main] freemarker.cache 45 - Loading template for "v3html/exception-view/v3-html-exception-view.ftl"("en", UTF-8, parsed) from "jar:file:/C:/WINDOWS/system32/config/systemprofile/.m2/repository/com/aventstack/extentreports/4.0.5/extentreports-4.0.5.jar!/com/aventstack/extentreports/view/v3html/exception-view/v3-html-exception-view.ftl"
11-30-2018 11:00:58 _Log4jLoggerFactory.java DEBUG [main] freemarker.cache 45 - Couldn't find template in cache for "v3html/author-view/v3-html-author-view.ftl"("en", UTF-8, parsed); will try to load it.
11-30-2018 11:00:58 _Log4jLoggerFactory.java DEBUG [main] freemarker.cache 45 - TemplateLoader.findTemplateSource("v3html/author-view/v3-html-author-view_en.ftl"): Not found
11-30-2018 11:00:58 _Log4jLoggerFactory.java DEBUG [main] freemarker.cache 45 - TemplateLoader.findTemplateSource("v3html/author-view/v3-html-author-view.ftl"): Found
11-30-2018 11:00:58 _Log4jLoggerFactory.java DEBUG [main] freemarker.cache 45 - Loading template for "v3html/author-view/v3-html-author-view.ftl"("en", UTF-8, parsed) from "jar:file:/C:/WINDOWS/system32/config/systemprofile/.m2/repository/com/aventstack/extentreports/4.0.5/extentreports-4.0.5.jar!/com/aventstack/extentreports/view/v3html/author-view/v3-html-author-view.ftl"
11-30-2018 11:00:58 _Log4jLoggerFactory.java DEBUG [main] freemarker.cache 45 - Couldn't find template in cache for "v3html/dashboard-view/v3-html-dashboard-view.ftl"("en", UTF-8, parsed); will try to load it.
11-30-2018 11:00:58 _Log4jLoggerFactory.java DEBUG [main] freemarker.cache 45 - TemplateLoader.findTemplateSource("v3html/dashboard-view/v3-html-dashboard-view_en.ftl"): Not found
11-30-2018 11:00:58 _Log4jLoggerFactory.java DEBUG [main] freemarker.cache 45 - TemplateLoader.findTemplateSource("v3html/dashboard-view/v3-html-dashboard-view.ftl"): Found
11-30-2018 11:00:58 _Log4jLoggerFactory.java DEBUG [main] freemarker.cache 45 - Loading template for "v3html/dashboard-view/v3-html-dashboard-view.ftl"("en", UTF-8, parsed) from "jar:file:/C:/WINDOWS/system32/config/systemprofile/.m2/repository/com/aventstack/extentreports/4.0.5/extentreports-4.0.5.jar!/com/aventstack/extentreports/view/v3html/dashboard-view/v3-html-dashboard-view.ftl"
11-30-2018 11:00:58 _Log4jLoggerFactory.java DEBUG [main] freemarker.cache 45 - Couldn't find template in cache for "v3html/logs-view/v3-html-testrunner-logs-view.ftl"("en", UTF-8, parsed); will try to load it.
11-30-2018 11:00:58 _Log4jLoggerFactory.java DEBUG [main] freemarker.cache 45 - TemplateLoader.findTemplateSource("v3html/logs-view/v3-html-testrunner-logs-view_en.ftl"): Not found
11-30-2018 11:00:58 _Log4jLoggerFactory.java DEBUG [main] freemarker.cache 45 - TemplateLoader.findTemplateSource("v3html/logs-view/v3-html-testrunner-logs-view.ftl"): Found
11-30-2018 11:00:58 _Log4jLoggerFactory.java DEBUG [main] freemarker.cache 45 - Loading template for "v3html/logs-view/v3-html-testrunner-logs-view.ftl"("en", UTF-8, parsed) from "jar:file:/C:/WINDOWS/system32/config/systemprofile/.m2/repository/com/aventstack/extentreports/4.0.5/extentreports-4.0.5.jar!/com/aventstack/extentreports/view/v3html/logs-view/v3-html-testrunner-logs-view.ftl"
Extent Reports Version 3 Test Suite started!
11-30-2018 11:00:58 LoginPageTest.java INFO  [main] testcases.LoginPageTest 32 - Invoking TestBase initialize method from setUp() from Login Page Test
11-30-2018 11:00:58 TestBase.java INFO  [main] testbase.TestBase 48 - Initializing browser and accessing application
11-30-2018 11:01:16 TestBase.java INFO  [main] testbase.TestBase 35 - loading config.properties file
11-30-2018 11:01:16 TestBase.java INFO  [main] testbase.TestBase 35 - loading config.properties file
11-30-2018 11:01:20 TestBase.java INFO  [main] testbase.TestBase 35 - loading config.properties file
loginPageTitleTest STARTED!
11-30-2018 11:01:20 LoginPageTest.java INFO  [main] testcases.LoginPageTest 53 - Verifying Login Page Title
loginPageTitleTest...SKIPPED!
]]></system-out>
    <system-err><![CDATA[1543555852437	Marionette	INFO	Stopped listening on port 59629
[Parent 29320, Gecko_IOThread] WARNING: pipe error: 109: file z:/build/build/src/ipc/chromium/src/chrome/common/ipc_channel_win.cc, line 346
[Child 25488, Chrome_ChildThread] WARNING: pipe error: 109: file z:/build/build/src/ipc/chromium/src/chrome/common/ipc_channel_win.cc, line 346
[Child 5128, Chrome_ChildThread] WARNING: pipe error: 109: file z:/build/build/src/ipc/chromium/src/chrome/common/ipc_channel_win.cc, line 346
[Child 5128, Chrome_ChildThread] WARNING: pipe error: 109: file z:/build/build/src/ipc/chromium/src/chrome/common/ipc_channel_win.cc, line 346

###!!! [Child][RunMessage] Error: Channel closing: too late to send/recv, messages will be lost

[Parent 29320, Gecko_IOThread] WARNING: pipe error: 109: file z:/build/build/src/ipc/chromium/src/chrome/common/ipc_channel_win.cc, line 346
1543555858896	mozrunner::runner	INFO	Running command: "C:\\Program Files\\Mozilla Firefox\\firefox.exe" "-marionette" "-foreground" "-no-remote" "-profile" "C:\\WINDOWS\\TEMP\\rust_mozprofile.sJOIhwgMGMbM"
1543555865809	Marionette	INFO	Listening on port 59761
1543555866342	Marionette	WARN	TLS certificate errors will be ignored for this session
Nov 30, 2018 11:01:06 AM org.openqa.selenium.remote.ProtocolHandshake createSession
INFO: Detected dialect: W3C
]]></system-err>
  </testcase>
  <testcase name="loginPageTitleTest" classname="com.gazt.testcases.LoginPageTest" time="0">
    <skipped message="The following asserts failed:&#10;	expected [Log In - WordPress.com] but found [WordPress.com],&#10;	expected [Log In - WordPress.com] but found [WordPress.com]"/>
    <system-out><![CDATA[loginPageTitleTest STARTED!
11-30-2018 11:01:20 LoginPageTest.java INFO  [main] testcases.LoginPageTest 53 - Verifying Login Page Title
loginPageTitleTest...SKIPPED!
]]></system-out>
  </testcase>
  <testcase name="loginPageTitleTest" classname="com.gazt.testcases.LoginPageTest" time="0">
    <skipped message="The following asserts failed:&#10;	expected [Log In - WordPress.com] but found [WordPress.com],&#10;	expected [Log In - WordPress.com] but found [WordPress.com],&#10;	expected [Log In - WordPress.com] but found [WordPress.com]"/>
    <system-out><![CDATA[loginPageTitleTest STARTED!
11-30-2018 11:01:20 LoginPageTest.java INFO  [main] testcases.LoginPageTest 53 - Verifying Login Page Title
loginPageTitleTest...SKIPPED!
]]></system-out>
  </testcase>
  <testcase name="loginPageTitleTest" classname="com.gazt.testcases.LoginPageTest" time="0.266">
    <failure message="The following asserts failed:&#10;	expected [Log In - WordPress.com] but found [WordPress.com],&#10;	expected [Log In - WordPress.com] but found [WordPress.com],&#10;	expected [Log In - WordPress.com] but found [WordPress.com],&#10;	expected [Log In - WordPress.com] but found [WordPress.com]" type="java.lang.AssertionError">java.lang.AssertionError: 
The following asserts failed:
	expected [Log In - WordPress.com] but found [WordPress.com],
	expected [Log In - WordPress.com] but found [WordPress.com],
	expected [Log In - WordPress.com] but found [WordPress.com],
	expected [Log In - WordPress.com] but found [WordPress.com]
	at com.gazt.testcases.LoginPageTest.loginPageTitleTest(LoginPageTest.java:56)
</failure>
    <system-out><![CDATA[loginPageTitleTest STARTED!
11-30-2018 11:01:20 LoginPageTest.java INFO  [main] testcases.LoginPageTest 53 - Verifying Login Page Title
loginPageTitleTest...FAILED!
]]></system-out>
  </testcase>
  <testcase name="loginPageWPLogoTest" classname="com.gazt.testcases.LoginPageTest" time="0">
    <skipped message="The following asserts failed:&#10;	expected [Log In - WordPress.com] but found [WordPress.com],&#10;	expected [Log In - WordPress.com] but found [WordPress.com],&#10;	expected [Log In - WordPress.com] but found [WordPress.com],&#10;	expected [Log In - WordPress.com] but found [WordPress.com]"/>
    <system-out><![CDATA[loginPageWPLogoTest STARTED!
11-30-2018 11:01:20 LoginPageTest.java INFO  [main] testcases.LoginPageTest 62 - Verifying WordPress Logo on Login Page
loginPageWPLogoTest...SKIPPED!
]]></system-out>
    <system-err><![CDATA[console.error: BroadcastService: 
  receivedBroadcastMessage: handler for
  remote-settings/monitor_changes
  threw error:
  Message: Error: Polling for changes failed: NetworkError when attempting to fetch resource..
  Stack:
    remoteSettingsFunction/remoteSettings.pollChanges@resource://services-settings/remote-settings.js:721:13

]]></system-err>
  </testcase>
  <testcase name="loginPageWPLogoTest" classname="com.gazt.testcases.LoginPageTest" time="0">
    <skipped message="The following asserts failed:&#10;	expected [Log In - WordPress.com] but found [WordPress.com],&#10;	expected [Log In - WordPress.com] but found [WordPress.com],&#10;	expected [Log In - WordPress.com] but found [WordPress.com],&#10;	expected [Log In - WordPress.com] but found [WordPress.com]"/>
    <system-out><![CDATA[loginPageWPLogoTest STARTED!
11-30-2018 11:01:22 LoginPageTest.java INFO  [main] testcases.LoginPageTest 62 - Verifying WordPress Logo on Login Page
loginPageWPLogoTest...SKIPPED!
]]></system-out>
  </testcase>
  <testcase name="loginPageWPLogoTest" classname="com.gazt.testcases.LoginPageTest" time="0">
    <skipped message="The following asserts failed:&#10;	expected [Log In - WordPress.com] but found [WordPress.com],&#10;	expected [Log In - WordPress.com] but found [WordPress.com],&#10;	expected [Log In - WordPress.com] but found [WordPress.com],&#10;	expected [Log In - WordPress.com] but found [WordPress.com]"/>
    <system-out><![CDATA[loginPageWPLogoTest STARTED!
11-30-2018 11:01:22 LoginPageTest.java INFO  [main] testcases.LoginPageTest 62 - Verifying WordPress Logo on Login Page
loginPageWPLogoTest...SKIPPED!
]]></system-out>
  </testcase>
  <testcase name="loginPageWPLogoTest" classname="com.gazt.testcases.LoginPageTest" time="0.135">
    <failure message="The following asserts failed:&#10;	expected [Log In - WordPress.com] but found [WordPress.com],&#10;	expected [Log In - WordPress.com] but found [WordPress.com],&#10;	expected [Log In - WordPress.com] but found [WordPress.com],&#10;	expected [Log In - WordPress.com] but found [WordPress.com]" type="java.lang.AssertionError">java.lang.AssertionError: 
The following asserts failed:
	expected [Log In - WordPress.com] but found [WordPress.com],
	expected [Log In - WordPress.com] but found [WordPress.com],
	expected [Log In - WordPress.com] but found [WordPress.com],
	expected [Log In - WordPress.com] but found [WordPress.com]
	at com.gazt.testcases.LoginPageTest.loginPageWPLogoTest(LoginPageTest.java:65)
</failure>
    <system-out><![CDATA[loginPageWPLogoTest STARTED!
11-30-2018 11:01:22 LoginPageTest.java INFO  [main] testcases.LoginPageTest 62 - Verifying WordPress Logo on Login Page
loginPageWPLogoTest...FAILED!
]]></system-out>
  </testcase>
  <testcase name="signUpLinkTest" classname="com.gazt.testcases.LoginPageTest" time="0.067"/>
  <testcase name="loginAccountHeaderTest" classname="com.gazt.testcases.LoginPageTest" time="0.067"/>
  <testcase name="emailAdressTest" classname="com.gazt.testcases.LoginPageTest" time="0.075"/>
  <testcase name="continueButton" classname="com.gazt.testcases.LoginPageTest" time="0.068"/>
  <testcase name="continueGoogleButton" classname="com.gazt.testcases.LoginPageTest" time="2.64"/>
  <testcase name="emailMeLink" classname="com.gazt.testcases.LoginPageTest" time="0.056"/>
  <testcase name="lostPasswordLink" classname="com.gazt.testcases.LoginPageTest" time="0.061"/>
  <testcase name="backToHomePage" classname="com.gazt.testcases.LoginPageTest" time="0.062"/>
  <testcase name="goBackToHomePage" classname="com.gazt.testcases.LoginPageTest" time="4.304"/>
  <testcase name="enterEmailAdressTest" classname="com.gazt.testcases.LoginPageTest" time="0.378"/>
  <testcase name="clickContineButton" classname="com.gazt.testcases.LoginPageTest" time="0.297"/>
</testsuite>