<?xml version="1.0" encoding="UTF-8"?>
<!-- Generated by org.testng.reporters.JUnitXMLReporter -->
<testsuite hostname="DESKTOP-KHVE45V" ignored="0" name="Smoke Test2" tests="16" failures="1" timestamp="27 Nov 2018 19:00:56 GMT" time="32.176" errors="0">
  <testcase name="loginPageTitleTest" time="0.013" classname="com.gazt.testcases.LoginPageTest">
    <skipped/>
  </testcase> <!-- loginPageTitleTest -->
  <testcase name="loginPageTitleTest" time="0.027" classname="com.gazt.testcases.LoginPageTest">
    <skipped/>
  </testcase> <!-- loginPageTitleTest -->
  <testcase name="loginPageTitleTest" time="0.01" classname="com.gazt.testcases.LoginPageTest">
    <skipped/>
  </testcase> <!-- loginPageTitleTest -->
  <testcase name="loginPageTitleTest" time="0.008" classname="com.gazt.testcases.LoginPageTest">
    <failure type="java.lang.AssertionError" message="expected [Log In - WordPress.com] but found [WordPress.com]">
      <![CDATA[java.lang.AssertionError: expected [Log In - WordPress.com] but found [WordPress.com]
at com.gazt.testcases.LoginPageTest.loginPageTitleTest(LoginPageTest.java:52)
... Removed 31 stack frames]]>
    </failure>
  </testcase> <!-- loginPageTitleTest -->
  <testcase name="loginPageWPLogoTest" time="1.245" classname="com.gazt.testcases.LoginPageTest"/>
  <testcase name="signUpLinkTest" time="0.058" classname="com.gazt.testcases.LoginPageTest"/>
  <testcase name="loginAccountHeaderTest" time="0.051" classname="com.gazt.testcases.LoginPageTest"/>
  <testcase name="emailAdressTest" time="0.048" classname="com.gazt.testcases.LoginPageTest"/>
  <testcase name="continueButton" time="0.101" classname="com.gazt.testcases.LoginPageTest"/>
  <testcase name="continueGoogleButton" time="0.831" classname="com.gazt.testcases.LoginPageTest"/>
  <testcase name="emailMeLink" time="0.045" classname="com.gazt.testcases.LoginPageTest"/>
  <testcase name="lostPasswordLink" time="0.046" classname="com.gazt.testcases.LoginPageTest"/>
  <testcase name="backToHomePage" time="0.055" classname="com.gazt.testcases.LoginPageTest"/>
  <testcase name="goBackToHomePage" time="3.511" classname="com.gazt.testcases.LoginPageTest"/>
  <testcase name="enterEmailAdressTest" time="0.381" classname="com.gazt.testcases.LoginPageTest"/>
  <testcase name="clickContineButton" time="0.667" classname="com.gazt.testcases.LoginPageTest"/>
</testsuite> <!-- Smoke Test2 -->
