<?xml version="1.0" encoding="UTF-8"?>
<!-- Generated by org.testng.reporters.JUnitXMLReporter -->
<testsuite hostname="DESKTOP-KHVE45V" ignored="0" name="Smoke Test1" tests="10" failures="0" timestamp="30 Nov 2018 05:30:57 GMT" time="93.307" errors="0">
  <testcase name="homePageTitleTest" time="0.02" classname="com.gazt.testcases.HomePageTest"/>
  <testcase name="wordPressLogoTest" time="0.159" classname="com.gazt.testcases.HomePageTest"/>
  <testcase name="productLinkTest" time="0.1" classname="com.gazt.testcases.HomePageTest"/>
  <testcase name="featureLinkTest" time="0.471" classname="com.gazt.testcases.HomePageTest"/>
  <testcase name="resourcesLinkTest" time="0.234" classname="com.gazt.testcases.HomePageTest"/>
  <testcase name="plansAndPricingTest" time="0.12" classname="com.gazt.testcases.HomePageTest"/>
  <testcase name="loginLinkClick" time="45.867" classname="com.gazt.testcases.HomePageTest">
    <skipped/>
  </testcase> <!-- loginLinkClick -->
  <testcase name="loginLinkClick" time="9.11" classname="com.gazt.testcases.HomePageTest"/>
  <testcase name="getStartedLinkClick" time="6.452" classname="com.gazt.testcases.HomePageTest"/>
  <testcase name="startYourWebsiteButtonClick" time="3.39" classname="com.gazt.testcases.HomePageTest"/>
</testsuite> <!-- Smoke Test1 -->
